Log file started on 10/6/2021 at 1:01:58 PM
------------------------------------------

EXTRACT  C:\Users\maris\Documents\GitHub\Land-Change-Modeling\Assignments\Assignment 5 - LCM Part 2\ForestOtherBuilt2\1985Built1.rst*C:\Users\maris\Documents\GitHub\Land-Change-Modeling\Assignments\Assignment 5 - LCM Part 2\assign5a_soft.rst*2*4
EXTRACT  C:\Users\maris\Documents\GitHub\Land-Change-Modeling\Assignments\Assignment 5 - LCM Part 2\ForestOtherBuilt2\1985Built1.rst*C:\Users\maris\Documents\GitHub\Land-Change-Modeling\Assignments\Assignment 5 - LCM Part 2\assign5b.rst*2*4
EXTRACT  C:\Users\maris\Documents\GitHub\Land-Change-Modeling\Assignments\Assignment 5 - LCM Part 2\ForestOtherBuilt2\1985Built1.rst*C:\Users\maris\Documents\GitHub\Land-Change-Modeling\Assignments\Assignment 5 - LCM Part 2\assign5b_soft.rst*2*4
EXTRACT  C:\Users\maris\Documents\GitHub\Land-Change-Modeling\Assignments\Assignment 5 - LCM Part 2\ForestOtherBuilt2\1985Built1.rst*C:\Users\maris\Documents\GitHub\Land-Change-Modeling\Assignments\Assignment 5 - LCM Part 2\assign5c_soft.rst*2*4
Output file C:\Users\maris\Documents\GitHub\Land-Change-Modeling\Assignments\Assignment 5 - LCM Part 2\assign5b.rst already exists. Overwrite?
CONVERT  1*C:\Users\maris\Documents\GitHub\Land-Change-Modeling\Assignments\Assignment 5 - LCM Part 2\assign5_transition_potential_from_1_to_2.rst*C:\Users\maris\Documents\GitHub\Land-Change-Modeling\Assignments\Assignment 5 - LCM Part 2\assign5b_soft_modeled.rst*2*2*2
CHGALLOC  C:\Users\maris\Documents\GitHub\Land-Change-Modeling\Assignments\Assignment 5 - LCM Part 2\ForestOtherBuilt2\1985Built1.rst*2*C:\Users\maris\Documents\GitHub\Land-Change-Modeling\Assignments\Assignment 5 - LCM Part 2\assign5_2085_transition_areas.txt*C:\Users\maris\Documents\GitHub\Land-Change-Modeling\Assignments\Assignment 5 - LCM Part 2\idrtmp_lulc_transition_potential.rgf*C:\Users\maris\Documents\GitHub\Land-Change-Modeling\Assignments\Assignment 5 - LCM Part 2\assign5b_stage_1.rst*1*1
MOLALCM  #*C:\Users\maris\Documents\GitHub\Land-Change-Modeling\Assignments\Assignment 5 - LCM Part 2\camk_mola_param.id$
TOPRANK  C:\Users\maris\Documents\GitHub\Land-Change-Modeling\Assignments\Assignment 5 - LCM Part 2\assign5_transition_potential_from_1_to_2.rst*none*1*16182*C:\Users\maris\Documents\GitHub\Land-Change-Modeling\Assignments\Assignment 5 - LCM Part 2\Tmp$$$_TopRankImg_1.rst*2
CONVERT  1*C:\Users\maris\Documents\GitHub\Land-Change-Modeling\Assignments\Assignment 5 - LCM Part 2\assign5_transition_potential_from_1_to_2.rst*C:\Users\maris\Documents\GitHub\Land-Change-Modeling\Assignments\Assignment 5 - LCM Part 2\assign5b_stage_1_soft.rst*2*2*2
BREAKOUT  1*C:\Users\maris\Documents\GitHub\Land-Change-Modeling\Assignments\Assignment 5 - LCM Part 2\assign5b_stage_1.rst*C:\Users\maris\Documents\GitHub\Land-Change-Modeling\Assignments\Assignment 5 - LCM Part 2\idrtmp_lulc_REDD_landclass_bool.rst*2*1
ASSIGN  C:\Users\maris\Documents\GitHub\Land-Change-Modeling\Assignments\Assignment 5 - LCM Part 2\assign5b_stage_1.rst*C:\Users\maris\Documents\GitHub\Land-Change-Modeling\Assignments\Assignment 5 - LCM Part 2\idrtmp_lulc_REDD_landclass_bool.rst*C:\Users\maris\Documents\GitHub\Land-Change-Modeling\Assignments\Assignment 5 - LCM Part 2\idrtmp_bool.avl
OVERLAY  3*C:\Users\maris\Documents\GitHub\Land-Change-Modeling\Assignments\Assignment 5 - LCM Part 2\idrtmp_lulc_REDD_landclass_bool.rst*C:\Users\maris\Documents\GitHub\Land-Change-Modeling\Assignments\Assignment 5 - LCM Part 2\assign5_transition_potential_from_1_to_2.rst*C:\Users\maris\Documents\GitHub\Land-Change-Modeling\Assignments\Assignment 5 - LCM Part 2\idrtmp_lulc_assign5_transition_potential_from_1_to_2.rst
ChgAlloc  C:\Users\maris\Documents\GitHub\Land-Change-Modeling\Assignments\Assignment 5 - LCM Part 2\assign5b_stage_1.rst*2*C:\Users\maris\Documents\GitHub\Land-Change-Modeling\Assignments\Assignment 5 - LCM Part 2\assign5_2085_transition_areas.txt*C:\Users\maris\Documents\GitHub\Land-Change-Modeling\Assignments\Assignment 5 - LCM Part 2\idrtmp_lulc_transition_potential.rgf*C:\Users\maris\Documents\GitHub\Land-Change-Modeling\Assignments\Assignment 5 - LCM Part 2\assign5b.rst*1*1
MOLALCM  #*C:\Users\maris\Documents\GitHub\Land-Change-Modeling\Assignments\Assignment 5 - LCM Part 2\camk_mola_param.id$
TOPRANK  C:\Users\maris\Documents\GitHub\Land-Change-Modeling\Assignments\Assignment 5 - LCM Part 2\idrtmp_lulc_assign5_transition_potential_from_1_to_2.rst*none*1*16182*C:\Users\maris\Documents\GitHub\Land-Change-Modeling\Assignments\Assignment 5 - LCM Part 2\Tmp$$$_TopRankImg_1.rst*2
DISPLAY image file C:\Users\maris\Documents\GitHub\Land-Change-Modeling\Assignments\Assignment 5 - LCM Part 2\assign5b.rst with symbol file C:\Users\maris\Documents\GitHub\Land-Change-Modeling\Assignments\Assignment 5 - LCM Part 2\ForestOtherBuilt2\1971Built1.smp.  Title, Legend.
CONVERT  1*C:\Users\maris\Documents\GitHub\Land-Change-Modeling\Assignments\Assignment 5 - LCM Part 2\assign5_transition_potential_from_1_to_2.rst*C:\Users\maris\Documents\GitHub\Land-Change-Modeling\Assignments\Assignment 5 - LCM Part 2\assign5b_soft.rst*2*2*2
OVERLAY  2*C:\Users\maris\Documents\GitHub\Land-Change-Modeling\Assignments\Assignment 5 - LCM Part 2\assign5b.rst*C:\Users\maris\Documents\GitHub\Land-Change-Modeling\Assignments\Assignment 5 - LCM Part 2\ForestOtherBuilt2\1985Built1.rst*C:\Users\maris\Documents\GitHub\Land-Change-Modeling\Assignments\Assignment 5 - LCM Part 2\idrtmp_lulc_current_change.rst
RECLASS  I*C:\Users\maris\Documents\GitHub\Land-Change-Modeling\Assignments\Assignment 5 - LCM Part 2\idrtmp_lulc_current_change.rst*C:\Users\maris\Documents\GitHub\Land-Change-Modeling\Assignments\Assignment 5 - LCM Part 2\idrtmp_lulc_current_change_bool.rst*2*1*1*99999*1*-9999*0*-9999*1
ASSIGN  C:\Users\maris\Documents\GitHub\Land-Change-Modeling\Assignments\Assignment 5 - LCM Part 2\assign5b.rst*C:\Users\maris\Documents\GitHub\Land-Change-Modeling\Assignments\Assignment 5 - LCM Part 2\idrtmp_lulc_current_soft_class_bool.rst*C:\Users\maris\Documents\GitHub\Land-Change-Modeling\Assignments\Assignment 5 - LCM Part 2\idrtmp_lulc_to_soft.avl
OVERLAY  3*C:\Users\maris\Documents\GitHub\Land-Change-Modeling\Assignments\Assignment 5 - LCM Part 2\idrtmp_lulc_current_change_bool.rst*C:\Users\maris\Documents\GitHub\Land-Change-Modeling\Assignments\Assignment 5 - LCM Part 2\idrtmp_lulc_current_soft_class_bool.rst*C:\Users\maris\Documents\GitHub\Land-Change-Modeling\Assignments\Assignment 5 - LCM Part 2\idrtmp_lulc_cummulative_change_bool.rst
OVERLAY  3*C:\Users\maris\Documents\GitHub\Land-Change-Modeling\Assignments\Assignment 5 - LCM Part 2\idrtmp_lulc_cummulative_change_bool.rst*C:\Users\maris\Documents\GitHub\Land-Change-Modeling\Assignments\Assignment 5 - LCM Part 2\assign5b_stage_1_soft.rst*C:\Users\maris\Documents\GitHub\Land-Change-Modeling\Assignments\Assignment 5 - LCM Part 2\idrtmp_lulc_cummulative_soft_mask.rst
OVERLAY  7*C:\Users\maris\Documents\GitHub\Land-Change-Modeling\Assignments\Assignment 5 - LCM Part 2\idrtmp_lulc_cummulative_soft_mask.rst*C:\Users\maris\Documents\GitHub\Land-Change-Modeling\Assignments\Assignment 5 - LCM Part 2\assign5b_soft.rst*C:\Users\maris\Documents\GitHub\Land-Change-Modeling\Assignments\Assignment 5 - LCM Part 2\idrtmp_lulc_current_change_soft.rst
CONVERT  1*C:\Users\maris\Documents\GitHub\Land-Change-Modeling\Assignments\Assignment 5 - LCM Part 2\idrtmp_lulc_current_change_soft.rst*C:\Users\maris\Documents\GitHub\Land-Change-Modeling\Assignments\Assignment 5 - LCM Part 2\assign5b_soft.rst*2*2*2
DISPLAY image file C:\Users\maris\Documents\GitHub\Land-Change-Modeling\Assignments\Assignment 5 - LCM Part 2\assign5b_soft.rst with symbol file quant.  Autoscale, Title, Legend.
DISPLAY image file C:\Users\maris\Documents\GitHub\Land-Change-Modeling\Assignments\Assignment 5 - LCM Part 2\assign5a.rst with symbol file C:\Program Files (x86)\TerrSet2020\Symbols\qual.smp.  Title, Legend.
DISPLAY image file C:\Users\maris\Documents\GitHub\Land-Change-Modeling\Assignments\Assignment 5 - LCM Part 2\assign5a_soft.rst with symbol file C:\Program Files (x86)\TerrSet2020\Symbols\quant.smp.  Autoscale, Title, Legend.
CONVERT  1*C:\Users\maris\Documents\GitHub\Land-Change-Modeling\Assignments\Assignment 5 - LCM Part 2\assign5_transition_potential_from_1_to_2.rst*C:\Users\maris\Documents\GitHub\Land-Change-Modeling\Assignments\Assignment 5 - LCM Part 2\assign5aa_soft_modeled.rst*2*2*2
CHGALLOC  C:\Users\maris\Documents\GitHub\Land-Change-Modeling\Assignments\Assignment 5 - LCM Part 2\ForestOtherBuilt2\1985Built1.rst*2*C:\Users\maris\Documents\GitHub\Land-Change-Modeling\Assignments\Assignment 5 - LCM Part 2\assign5_2085_transition_areas.txt*C:\Users\maris\Documents\GitHub\Land-Change-Modeling\Assignments\Assignment 5 - LCM Part 2\idrtmp_lulc_transition_potential.rgf*C:\Users\maris\Documents\GitHub\Land-Change-Modeling\Assignments\Assignment 5 - LCM Part 2\assign5aa_stage_1.rst*1*1
MOLALCM  #*C:\Users\maris\Documents\GitHub\Land-Change-Modeling\Assignments\Assignment 5 - LCM Part 2\camk_mola_param.id$
TOPRANK  C:\Users\maris\Documents\GitHub\Land-Change-Modeling\Assignments\Assignment 5 - LCM Part 2\assign5_transition_potential_from_1_to_2.rst*none*1*16182*C:\Users\maris\Documents\GitHub\Land-Change-Modeling\Assignments\Assignment 5 - LCM Part 2\Tmp$$$_TopRankImg_1.rst*2
CONVERT  1*C:\Users\maris\Documents\GitHub\Land-Change-Modeling\Assignments\Assignment 5 - LCM Part 2\assign5_transition_potential_from_1_to_2.rst*C:\Users\maris\Documents\GitHub\Land-Change-Modeling\Assignments\Assignment 5 - LCM Part 2\assign5aa_stage_1_soft.rst*2*2*2
BREAKOUT  1*C:\Users\maris\Documents\GitHub\Land-Change-Modeling\Assignments\Assignment 5 - LCM Part 2\assign5aa_stage_1.rst*C:\Users\maris\Documents\GitHub\Land-Change-Modeling\Assignments\Assignment 5 - LCM Part 2\idrtmp_lulc_REDD_landclass_bool.rst*2*1
ASSIGN  C:\Users\maris\Documents\GitHub\Land-Change-Modeling\Assignments\Assignment 5 - LCM Part 2\assign5aa_stage_1.rst*C:\Users\maris\Documents\GitHub\Land-Change-Modeling\Assignments\Assignment 5 - LCM Part 2\idrtmp_lulc_REDD_landclass_bool.rst*C:\Users\maris\Documents\GitHub\Land-Change-Modeling\Assignments\Assignment 5 - LCM Part 2\idrtmp_bool.avl
OVERLAY  3*C:\Users\maris\Documents\GitHub\Land-Change-Modeling\Assignments\Assignment 5 - LCM Part 2\idrtmp_lulc_REDD_landclass_bool.rst*C:\Users\maris\Documents\GitHub\Land-Change-Modeling\Assignments\Assignment 5 - LCM Part 2\assign5_transition_potential_from_1_to_2.rst*C:\Users\maris\Documents\GitHub\Land-Change-Modeling\Assignments\Assignment 5 - LCM Part 2\idrtmp_lulc_assign5_transition_potential_from_1_to_2.rst
ChgAlloc  C:\Users\maris\Documents\GitHub\Land-Change-Modeling\Assignments\Assignment 5 - LCM Part 2\assign5aa_stage_1.rst*2*C:\Users\maris\Documents\GitHub\Land-Change-Modeling\Assignments\Assignment 5 - LCM Part 2\assign5_2085_transition_areas.txt*C:\Users\maris\Documents\GitHub\Land-Change-Modeling\Assignments\Assignment 5 - LCM Part 2\idrtmp_lulc_transition_potential.rgf*C:\Users\maris\Documents\GitHub\Land-Change-Modeling\Assignments\Assignment 5 - LCM Part 2\assign5aa.rst*1*1
MOLALCM  #*C:\Users\maris\Documents\GitHub\Land-Change-Modeling\Assignments\Assignment 5 - LCM Part 2\camk_mola_param.id$
TOPRANK  C:\Users\maris\Documents\GitHub\Land-Change-Modeling\Assignments\Assignment 5 - LCM Part 2\idrtmp_lulc_assign5_transition_potential_from_1_to_2.rst*none*1*16182*C:\Users\maris\Documents\GitHub\Land-Change-Modeling\Assignments\Assignment 5 - LCM Part 2\Tmp$$$_TopRankImg_1.rst*2
DISPLAY image file C:\Users\maris\Documents\GitHub\Land-Change-Modeling\Assignments\Assignment 5 - LCM Part 2\assign5aa.rst with symbol file C:\Users\maris\Documents\GitHub\Land-Change-Modeling\Assignments\Assignment 5 - LCM Part 2\ForestOtherBuilt2\1971Built1.smp.  Title, Legend.
CONVERT  1*C:\Users\maris\Documents\GitHub\Land-Change-Modeling\Assignments\Assignment 5 - LCM Part 2\assign5_transition_potential_from_1_to_2.rst*C:\Users\maris\Documents\GitHub\Land-Change-Modeling\Assignments\Assignment 5 - LCM Part 2\assign5aa_soft.rst*2*2*2
OVERLAY  2*C:\Users\maris\Documents\GitHub\Land-Change-Modeling\Assignments\Assignment 5 - LCM Part 2\assign5aa.rst*C:\Users\maris\Documents\GitHub\Land-Change-Modeling\Assignments\Assignment 5 - LCM Part 2\ForestOtherBuilt2\1985Built1.rst*C:\Users\maris\Documents\GitHub\Land-Change-Modeling\Assignments\Assignment 5 - LCM Part 2\idrtmp_lulc_current_change.rst
RECLASS  I*C:\Users\maris\Documents\GitHub\Land-Change-Modeling\Assignments\Assignment 5 - LCM Part 2\idrtmp_lulc_current_change.rst*C:\Users\maris\Documents\GitHub\Land-Change-Modeling\Assignments\Assignment 5 - LCM Part 2\idrtmp_lulc_current_change_bool.rst*2*1*1*99999*1*-9999*0*-9999*1
ASSIGN  C:\Users\maris\Documents\GitHub\Land-Change-Modeling\Assignments\Assignment 5 - LCM Part 2\assign5aa.rst*C:\Users\maris\Documents\GitHub\Land-Change-Modeling\Assignments\Assignment 5 - LCM Part 2\idrtmp_lulc_current_soft_class_bool.rst*C:\Users\maris\Documents\GitHub\Land-Change-Modeling\Assignments\Assignment 5 - LCM Part 2\idrtmp_lulc_to_soft.avl
OVERLAY  3*C:\Users\maris\Documents\GitHub\Land-Change-Modeling\Assignments\Assignment 5 - LCM Part 2\idrtmp_lulc_current_change_bool.rst*C:\Users\maris\Documents\GitHub\Land-Change-Modeling\Assignments\Assignment 5 - LCM Part 2\idrtmp_lulc_current_soft_class_bool.rst*C:\Users\maris\Documents\GitHub\Land-Change-Modeling\Assignments\Assignment 5 - LCM Part 2\idrtmp_lulc_cummulative_change_bool.rst
OVERLAY  3*C:\Users\maris\Documents\GitHub\Land-Change-Modeling\Assignments\Assignment 5 - LCM Part 2\idrtmp_lulc_cummulative_change_bool.rst*C:\Users\maris\Documents\GitHub\Land-Change-Modeling\Assignments\Assignment 5 - LCM Part 2\assign5aa_stage_1_soft.rst*C:\Users\maris\Documents\GitHub\Land-Change-Modeling\Assignments\Assignment 5 - LCM Part 2\idrtmp_lulc_cummulative_soft_mask.rst
OVERLAY  7*C:\Users\maris\Documents\GitHub\Land-Change-Modeling\Assignments\Assignment 5 - LCM Part 2\idrtmp_lulc_cummulative_soft_mask.rst*C:\Users\maris\Documents\GitHub\Land-Change-Modeling\Assignments\Assignment 5 - LCM Part 2\assign5aa_soft.rst*C:\Users\maris\Documents\GitHub\Land-Change-Modeling\Assignments\Assignment 5 - LCM Part 2\idrtmp_lulc_current_change_soft.rst
CONVERT  1*C:\Users\maris\Documents\GitHub\Land-Change-Modeling\Assignments\Assignment 5 - LCM Part 2\idrtmp_lulc_current_change_soft.rst*C:\Users\maris\Documents\GitHub\Land-Change-Modeling\Assignments\Assignment 5 - LCM Part 2\assign5aa_soft.rst*2*2*2
DISPLAY image file C:\Users\maris\Documents\GitHub\Land-Change-Modeling\Assignments\Assignment 5 - LCM Part 2\assign5aa_soft.rst with symbol file quant.  Autoscale, Title, Legend.
RANDOM  C:\Users\maris\Documents\GitHub\Land-Change-Modeling\Assignments\Assignment 5 - LCM Part 2\idrtmp_lulc_random.rst*1*2*C:\Users\maris\Documents\GitHub\Land-Change-Modeling\Assignments\Assignment 5 - LCM Part 2\ForestOtherBuilt2\1985Built1.rst*1
ASSIGN  C:\Users\maris\Documents\GitHub\Land-Change-Modeling\Assignments\Assignment 5 - LCM Part 2\assign5_crosstab.rst*C:\Users\maris\Documents\GitHub\Land-Change-Modeling\Assignments\Assignment 5 - LCM Part 2\idrtmp_lulc_Bool_transition_Sub-Model_Non-B_to_Built.rst*C:\Users\maris\Documents\GitHub\Land-Change-Modeling\Assignments\Assignment 5 - LCM Part 2\idrtmp_lulc.avl
ASSIGN  C:\Users\maris\Documents\GitHub\Land-Change-Modeling\Assignments\Assignment 5 - LCM Part 2\assign5_crosstab.rst*C:\Users\maris\Documents\GitHub\Land-Change-Modeling\Assignments\Assignment 5 - LCM Part 2\idrtmp_lulc_Bool_persistence_Sub-Model_Non-B_to_Built.rst*C:\Users\maris\Documents\GitHub\Land-Change-Modeling\Assignments\Assignment 5 - LCM Part 2\idrtmp_lulc.avl
RECLASS  I*C:\Users\maris\Documents\GitHub\Land-Change-Modeling\Assignments\Assignment 5 - LCM Part 2\idrtmp_lulc_random.rst*C:\Users\maris\Documents\GitHub\Land-Change-Modeling\Assignments\Assignment 5 - LCM Part 2\idrtmp_lulc_Train_Non-B_to_Built.rst*3*C:\Users\maris\Documents\GitHub\Land-Change-Modeling\Assignments\Assignment 5 - LCM Part 2\idrtmp_lulc_Train_rcl_2.rcl*2
OVERLAY  3*C:\Users\maris\Documents\GitHub\Land-Change-Modeling\Assignments\Assignment 5 - LCM Part 2\idrtmp_lulc_Bool_transition_Sub-Model_Non-B_to_Built.rst*C:\Users\maris\Documents\GitHub\Land-Change-Modeling\Assignments\Assignment 5 - LCM Part 2\idrtmp_lulc_Train_Non-B_to_Built.rst*C:\Users\maris\Documents\GitHub\Land-Change-Modeling\Assignments\Assignment 5 - LCM Part 2\idrtmp_lulc_x_Train_1.rst
RECLASS  I*C:\Users\maris\Documents\GitHub\Land-Change-Modeling\Assignments\Assignment 5 - LCM Part 2\idrtmp_lulc_random.rst*C:\Users\maris\Documents\GitHub\Land-Change-Modeling\Assignments\Assignment 5 - LCM Part 2\idrtmp_lulc_Train_Non-B_to_Built.rst*3*C:\Users\maris\Documents\GitHub\Land-Change-Modeling\Assignments\Assignment 5 - LCM Part 2\idrtmp_lulc_Train_rcl_3.rcl*2
OVERLAY  3*C:\Users\maris\Documents\GitHub\Land-Change-Modeling\Assignments\Assignment 5 - LCM Part 2\idrtmp_lulc_Bool_persistence_Sub-Model_Non-B_to_Built.rst*C:\Users\maris\Documents\GitHub\Land-Change-Modeling\Assignments\Assignment 5 - LCM Part 2\idrtmp_lulc_Train_Non-B_to_Built.rst*C:\Users\maris\Documents\GitHub\Land-Change-Modeling\Assignments\Assignment 5 - LCM Part 2\idrtmp_lulc_x_Train_2.rst
RECLASS  I*C:\Users\maris\Documents\GitHub\Land-Change-Modeling\Assignments\Assignment 5 - LCM Part 2\idrtmp_lulc_Bool_transition_Sub-Model_Non-B_to_Built.rst*C:\Users\maris\Documents\GitHub\Land-Change-Modeling\Assignments\Assignment 5 - LCM Part 2\assign5_Train_Non-B_to_Built.rst*3*C:\Users\maris\Documents\GitHub\Land-Change-Modeling\Assignments\Assignment 5 - LCM Part 2\idrtmp_lulc_tmp.rcl*2
OVERLAY  1*C:\Users\maris\Documents\GitHub\Land-Change-Modeling\Assignments\Assignment 5 - LCM Part 2\idrtmp_lulc_Bool_transition_Sub-Model_Non-B_to_Built.rst*C:\Users\maris\Documents\GitHub\Land-Change-Modeling\Assignments\Assignment 5 - LCM Part 2\idrtmp_lulc_Bool_persistence_Sub-Model_Non-B_to_Built.rst*C:\Users\maris\Documents\GitHub\Land-Change-Modeling\Assignments\Assignment 5 - LCM Part 2\idrtmp_lulc_tmp.rst
RECLASS  I*C:\Users\maris\Documents\GitHub\Land-Change-Modeling\Assignments\Assignment 5 - LCM Part 2\idrtmp_lulc_tmp.rst*C:\Users\maris\Documents\GitHub\Land-Change-Modeling\Assignments\Assignment 5 - LCM Part 2\assign5_Mask_Non-B_to_Built.rst*3*C:\Users\maris\Documents\GitHub\Land-Change-Modeling\Assignments\Assignment 5 - LCM Part 2\idrtmp_lulc_tmp.rcl*1
CONVERT  C:\Users\maris\Documents\GitHub\Land-Change-Modeling\Assignments\Assignment 5 - LCM Part 2\assign5_Train_Non-B_to_Built.rst*C:\Users\maris\Documents\GitHub\Land-Change-Modeling\Assignments\Assignment 5 - LCM Part 2\assign5_Train_Non-B_to_Built.rst*I*3*2*2
LOGISTICREG  1*C:\Users\maris\Documents\GitHub\Land-Change-Modeling\Assignments\Assignment 5 - LCM Part 2\TmpFrm_Logitreg_Ind.id$*C:\Users\maris\Documents\GitHub\Land-Change-Modeling\Assignments\Assignment 5 - LCM Part 2\assign5_Train_Non-B_to_Built.rst*C:\Users\maris\Documents\GitHub\Land-Change-Modeling\Assignments\Assignment 5 - LCM Part 2\assign5_transition_potential_from_1_to_2.rst*C:\Users\maris\Documents\GitHub\Land-Change-Modeling\Assignments\Assignment 5 - LCM Part 2\assign5_transition_potential_from_1_to_2_residual.rst*C:\USERS\MARIS\DOCUMENTS\GITHUB\LAND-CHANGE-MODELING\ASSIGNMENTS\ASSIGNMENT 5 - LCM PART 2\ASSIGN5_MASK_NON-B_TO_BUILT.rst*Y*1*100.0
BREAKOUT  1*C:\Users\maris\Documents\GitHub\Land-Change-Modeling\Assignments\Assignment 5 - LCM Part 2\ForestOtherBuilt2\1985Built1.rst*C:\Users\maris\Documents\GitHub\Land-Change-Modeling\Assignments\Assignment 5 - LCM Part 2\idrtmp_lulc_Logistic_landclass_bool.rst*2*1
ASSIGN  C:\Users\maris\Documents\GitHub\Land-Change-Modeling\Assignments\Assignment 5 - LCM Part 2\ForestOtherBuilt2\1985Built1.rst*C:\Users\maris\Documents\GitHub\Land-Change-Modeling\Assignments\Assignment 5 - LCM Part 2\idrtmp_lulc_Logistic_landclass_bool.rst*C:\Users\maris\Documents\GitHub\Land-Change-Modeling\Assignments\Assignment 5 - LCM Part 2\idrtmp_bool.avl
OVERLAY  3*C:\Users\maris\Documents\GitHub\Land-Change-Modeling\Assignments\Assignment 5 - LCM Part 2\assign5_transition_potential_from_1_to_2.rst*C:\Users\maris\Documents\GitHub\Land-Change-Modeling\Assignments\Assignment 5 - LCM Part 2\idrtmp_lulc_Logistic_landclass_bool.rst*C:\Users\maris\Documents\GitHub\Land-Change-Modeling\Assignments\Assignment 5 - LCM Part 2\idrtmp_lulc_Logistic_masked_transition_Potential.rst
DISPLAY image file C:\Users\maris\Documents\GitHub\Land-Change-Modeling\Assignments\Assignment 5 - LCM Part 2\assign5_transition_potential_from_1_to_2.rst with symbol file quant.  Autoscale, Title, Legend.
Output file C:\Users\maris\Documents\GitHub\Land-Change-Modeling\Assignments\Assignment 5 - LCM Part 2\assign5aa.rst already exists. Overwrite?
CONVERT  1*C:\Users\maris\Documents\GitHub\Land-Change-Modeling\Assignments\Assignment 5 - LCM Part 2\assign5_transition_potential_from_1_to_2.rst*C:\Users\maris\Documents\GitHub\Land-Change-Modeling\Assignments\Assignment 5 - LCM Part 2\assign5aa_soft_modeled.rst*2*2*2
CHGALLOC  C:\Users\maris\Documents\GitHub\Land-Change-Modeling\Assignments\Assignment 5 - LCM Part 2\ForestOtherBuilt2\1985Built1.rst*2*C:\Users\maris\Documents\GitHub\Land-Change-Modeling\Assignments\Assignment 5 - LCM Part 2\assign5_2085_transition_areas.txt*C:\Users\maris\Documents\GitHub\Land-Change-Modeling\Assignments\Assignment 5 - LCM Part 2\idrtmp_lulc_transition_potential.rgf*C:\Users\maris\Documents\GitHub\Land-Change-Modeling\Assignments\Assignment 5 - LCM Part 2\assign5aa_stage_1.rst*1*1
MOLALCM  #*C:\Users\maris\Documents\GitHub\Land-Change-Modeling\Assignments\Assignment 5 - LCM Part 2\camk_mola_param.id$
TOPRANK  C:\Users\maris\Documents\GitHub\Land-Change-Modeling\Assignments\Assignment 5 - LCM Part 2\assign5_transition_potential_from_1_to_2.rst*none*1*16182*C:\Users\maris\Documents\GitHub\Land-Change-Modeling\Assignments\Assignment 5 - LCM Part 2\Tmp$$$_TopRankImg_1.rst*2
CONVERT  1*C:\Users\maris\Documents\GitHub\Land-Change-Modeling\Assignments\Assignment 5 - LCM Part 2\assign5_transition_potential_from_1_to_2.rst*C:\Users\maris\Documents\GitHub\Land-Change-Modeling\Assignments\Assignment 5 - LCM Part 2\assign5aa_stage_1_soft.rst*2*2*2
BREAKOUT  1*C:\Users\maris\Documents\GitHub\Land-Change-Modeling\Assignments\Assignment 5 - LCM Part 2\assign5aa_stage_1.rst*C:\Users\maris\Documents\GitHub\Land-Change-Modeling\Assignments\Assignment 5 - LCM Part 2\idrtmp_lulc_REDD_landclass_bool.rst*2*1
ASSIGN  C:\Users\maris\Documents\GitHub\Land-Change-Modeling\Assignments\Assignment 5 - LCM Part 2\assign5aa_stage_1.rst*C:\Users\maris\Documents\GitHub\Land-Change-Modeling\Assignments\Assignment 5 - LCM Part 2\idrtmp_lulc_REDD_landclass_bool.rst*C:\Users\maris\Documents\GitHub\Land-Change-Modeling\Assignments\Assignment 5 - LCM Part 2\idrtmp_bool.avl
OVERLAY  3*C:\Users\maris\Documents\GitHub\Land-Change-Modeling\Assignments\Assignment 5 - LCM Part 2\idrtmp_lulc_REDD_landclass_bool.rst*C:\Users\maris\Documents\GitHub\Land-Change-Modeling\Assignments\Assignment 5 - LCM Part 2\assign5_transition_potential_from_1_to_2.rst*C:\Users\maris\Documents\GitHub\Land-Change-Modeling\Assignments\Assignment 5 - LCM Part 2\idrtmp_lulc_assign5_transition_potential_from_1_to_2.rst
ChgAlloc  C:\Users\maris\Documents\GitHub\Land-Change-Modeling\Assignments\Assignment 5 - LCM Part 2\assign5aa_stage_1.rst*2*C:\Users\maris\Documents\GitHub\Land-Change-Modeling\Assignments\Assignment 5 - LCM Part 2\assign5_2085_transition_areas.txt*C:\Users\maris\Documents\GitHub\Land-Change-Modeling\Assignments\Assignment 5 - LCM Part 2\idrtmp_lulc_transition_potential.rgf*C:\Users\maris\Documents\GitHub\Land-Change-Modeling\Assignments\Assignment 5 - LCM Part 2\assign5aa.rst*1*1
MOLALCM  #*C:\Users\maris\Documents\GitHub\Land-Change-Modeling\Assignments\Assignment 5 - LCM Part 2\camk_mola_param.id$
TOPRANK  C:\Users\maris\Documents\GitHub\Land-Change-Modeling\Assignments\Assignment 5 - LCM Part 2\idrtmp_lulc_assign5_transition_potential_from_1_to_2.rst*none*1*16182*C:\Users\maris\Documents\GitHub\Land-Change-Modeling\Assignments\Assignment 5 - LCM Part 2\Tmp$$$_TopRankImg_1.rst*2
DISPLAY image file C:\Users\maris\Documents\GitHub\Land-Change-Modeling\Assignments\Assignment 5 - LCM Part 2\assign5aa.rst with symbol file C:\Users\maris\Documents\GitHub\Land-Change-Modeling\Assignments\Assignment 5 - LCM Part 2\ForestOtherBuilt2\1971Built1.smp.  Title, Legend.
CONVERT  1*C:\Users\maris\Documents\GitHub\Land-Change-Modeling\Assignments\Assignment 5 - LCM Part 2\assign5_transition_potential_from_1_to_2.rst*C:\Users\maris\Documents\GitHub\Land-Change-Modeling\Assignments\Assignment 5 - LCM Part 2\assign5aa_soft.rst*2*2*2
OVERLAY  2*C:\Users\maris\Documents\GitHub\Land-Change-Modeling\Assignments\Assignment 5 - LCM Part 2\assign5aa.rst*C:\Users\maris\Documents\GitHub\Land-Change-Modeling\Assignments\Assignment 5 - LCM Part 2\ForestOtherBuilt2\1985Built1.rst*C:\Users\maris\Documents\GitHub\Land-Change-Modeling\Assignments\Assignment 5 - LCM Part 2\idrtmp_lulc_current_change.rst
RECLASS  I*C:\Users\maris\Documents\GitHub\Land-Change-Modeling\Assignments\Assignment 5 - LCM Part 2\idrtmp_lulc_current_change.rst*C:\Users\maris\Documents\GitHub\Land-Change-Modeling\Assignments\Assignment 5 - LCM Part 2\idrtmp_lulc_current_change_bool.rst*2*1*1*99999*1*-9999*0*-9999*1
ASSIGN  C:\Users\maris\Documents\GitHub\Land-Change-Modeling\Assignments\Assignment 5 - LCM Part 2\assign5aa.rst*C:\Users\maris\Documents\GitHub\Land-Change-Modeling\Assignments\Assignment 5 - LCM Part 2\idrtmp_lulc_current_soft_class_bool.rst*C:\Users\maris\Documents\GitHub\Land-Change-Modeling\Assignments\Assignment 5 - LCM Part 2\idrtmp_lulc_to_soft.avl
OVERLAY  3*C:\Users\maris\Documents\GitHub\Land-Change-Modeling\Assignments\Assignment 5 - LCM Part 2\idrtmp_lulc_current_change_bool.rst*C:\Users\maris\Documents\GitHub\Land-Change-Modeling\Assignments\Assignment 5 - LCM Part 2\idrtmp_lulc_current_soft_class_bool.rst*C:\Users\maris\Documents\GitHub\Land-Change-Modeling\Assignments\Assignment 5 - LCM Part 2\idrtmp_lulc_cummulative_change_bool.rst
OVERLAY  3*C:\Users\maris\Documents\GitHub\Land-Change-Modeling\Assignments\Assignment 5 - LCM Part 2\idrtmp_lulc_cummulative_change_bool.rst*C:\Users\maris\Documents\GitHub\Land-Change-Modeling\Assignments\Assignment 5 - LCM Part 2\assign5aa_stage_1_soft.rst*C:\Users\maris\Documents\GitHub\Land-Change-Modeling\Assignments\Assignment 5 - LCM Part 2\idrtmp_lulc_cummulative_soft_mask.rst
OVERLAY  7*C:\Users\maris\Documents\GitHub\Land-Change-Modeling\Assignments\Assignment 5 - LCM Part 2\idrtmp_lulc_cummulative_soft_mask.rst*C:\Users\maris\Documents\GitHub\Land-Change-Modeling\Assignments\Assignment 5 - LCM Part 2\assign5aa_soft.rst*C:\Users\maris\Documents\GitHub\Land-Change-Modeling\Assignments\Assignment 5 - LCM Part 2\idrtmp_lulc_current_change_soft.rst
CONVERT  1*C:\Users\maris\Documents\GitHub\Land-Change-Modeling\Assignments\Assignment 5 - LCM Part 2\idrtmp_lulc_current_change_soft.rst*C:\Users\maris\Documents\GitHub\Land-Change-Modeling\Assignments\Assignment 5 - LCM Part 2\assign5aa_soft.rst*2*2*2
DISPLAY image file C:\Users\maris\Documents\GitHub\Land-Change-Modeling\Assignments\Assignment 5 - LCM Part 2\assign5aa_soft.rst with symbol file quant.  Autoscale, Title, Legend.
DISPLAY image file C:\Users\maris\Documents\GitHub\Land-Change-Modeling\Assignments\Assignment 5 - LCM Part 2\1971ForestOtherBuilt1_Class_3.rst with symbol file C:\Program Files (x86)\TerrSet2020\Symbols\qual.smp.  Title, Legend.
DISPLAY image file C:\Users\maris\Documents\GitHub\Land-Change-Modeling\Assignments\Assignment 5 - LCM Part 2\assign5aa_soft.rst with symbol file C:\Program Files (x86)\TerrSet2020\Symbols\quant.smp.  Autoscale, Title, Legend.
STRETCH  C:\Users\maris\Documents\GitHub\Land-Change-Modeling\Assignments\Assignment 5 - LCM Part 2\ForestOtherBuilt2\elevation02.rst*C:\Users\maris\Documents\GitHub\Land-Change-Modeling\Assignments\Assignment 5 - LCM Part 2\binned_200_elevation02.rst*3*1*1*Y*0*0*0*199
STRETCH  C:\Users\maris\Documents\GitHub\Land-Change-Modeling\Assignments\Assignment 5 - LCM Part 2\1971ForestOtherBuilt1_Class_3distance.rst*C:\Users\maris\Documents\GitHub\Land-Change-Modeling\Assignments\Assignment 5 - LCM Part 2\binned_200_1971ForestOtherBuilt1_Class_3distance.rst*3*1*1*Y*0*0*0*199
WNL  C:\Users\maris\Documents\GitHub\Land-Change-Modeling\Assignments\Assignment 5 - LCM Part 2\assign5_wnl_parameters.txt
DISPLAY image file C:\Users\maris\Documents\GitHub\Land-Change-Modeling\Assignments\Assignment 5 - LCM Part 2\assign5_transition_potential_from_1_to_2.rst with symbol file quant.  Autoscale, Title, Legend.
CONVERT  1*C:\Users\maris\Documents\GitHub\Land-Change-Modeling\Assignments\Assignment 5 - LCM Part 2\assign5_transition_potential_from_1_to_2.rst*C:\Users\maris\Documents\GitHub\Land-Change-Modeling\Assignments\Assignment 5 - LCM Part 2\assign5bb_soft_modeled.rst*2*2*2
CHGALLOC  C:\Users\maris\Documents\GitHub\Land-Change-Modeling\Assignments\Assignment 5 - LCM Part 2\ForestOtherBuilt2\1985Built1.rst*2*C:\Users\maris\Documents\GitHub\Land-Change-Modeling\Assignments\Assignment 5 - LCM Part 2\assign5_2085_transition_areas.txt*C:\Users\maris\Documents\GitHub\Land-Change-Modeling\Assignments\Assignment 5 - LCM Part 2\idrtmp_lulc_transition_potential.rgf*C:\Users\maris\Documents\GitHub\Land-Change-Modeling\Assignments\Assignment 5 - LCM Part 2\assign5bb_stage_1.rst*1*1
MOLALCM  #*C:\Users\maris\Documents\GitHub\Land-Change-Modeling\Assignments\Assignment 5 - LCM Part 2\camk_mola_param.id$
TOPRANK  C:\Users\maris\Documents\GitHub\Land-Change-Modeling\Assignments\Assignment 5 - LCM Part 2\assign5_transition_potential_from_1_to_2.rst*none*1*16182*C:\Users\maris\Documents\GitHub\Land-Change-Modeling\Assignments\Assignment 5 - LCM Part 2\Tmp$$$_TopRankImg_1.rst*2
CONVERT  1*C:\Users\maris\Documents\GitHub\Land-Change-Modeling\Assignments\Assignment 5 - LCM Part 2\assign5_transition_potential_from_1_to_2.rst*C:\Users\maris\Documents\GitHub\Land-Change-Modeling\Assignments\Assignment 5 - LCM Part 2\assign5bb_stage_1_soft.rst*2*2*2
BREAKOUT  1*C:\Users\maris\Documents\GitHub\Land-Change-Modeling\Assignments\Assignment 5 - LCM Part 2\assign5bb_stage_1.rst*C:\Users\maris\Documents\GitHub\Land-Change-Modeling\Assignments\Assignment 5 - LCM Part 2\idrtmp_lulc_REDD_landclass_bool.rst*2*1
ASSIGN  C:\Users\maris\Documents\GitHub\Land-Change-Modeling\Assignments\Assignment 5 - LCM Part 2\assign5bb_stage_1.rst*C:\Users\maris\Documents\GitHub\Land-Change-Modeling\Assignments\Assignment 5 - LCM Part 2\idrtmp_lulc_REDD_landclass_bool.rst*C:\Users\maris\Documents\GitHub\Land-Change-Modeling\Assignments\Assignment 5 - LCM Part 2\idrtmp_bool.avl
OVERLAY  3*C:\Users\maris\Documents\GitHub\Land-Change-Modeling\Assignments\Assignment 5 - LCM Part 2\idrtmp_lulc_REDD_landclass_bool.rst*C:\Users\maris\Documents\GitHub\Land-Change-Modeling\Assignments\Assignment 5 - LCM Part 2\assign5_transition_potential_from_1_to_2.rst*C:\Users\maris\Documents\GitHub\Land-Change-Modeling\Assignments\Assignment 5 - LCM Part 2\idrtmp_lulc_assign5_transition_potential_from_1_to_2.rst
ChgAlloc  C:\Users\maris\Documents\GitHub\Land-Change-Modeling\Assignments\Assignment 5 - LCM Part 2\assign5bb_stage_1.rst*2*C:\Users\maris\Documents\GitHub\Land-Change-Modeling\Assignments\Assignment 5 - LCM Part 2\assign5_2085_transition_areas.txt*C:\Users\maris\Documents\GitHub\Land-Change-Modeling\Assignments\Assignment 5 - LCM Part 2\idrtmp_lulc_transition_potential.rgf*C:\Users\maris\Documents\GitHub\Land-Change-Modeling\Assignments\Assignment 5 - LCM Part 2\assign5bb.rst*1*1
MOLALCM  #*C:\Users\maris\Documents\GitHub\Land-Change-Modeling\Assignments\Assignment 5 - LCM Part 2\camk_mola_param.id$
TOPRANK  C:\Users\maris\Documents\GitHub\Land-Change-Modeling\Assignments\Assignment 5 - LCM Part 2\idrtmp_lulc_assign5_transition_potential_from_1_to_2.rst*none*1*16182*C:\Users\maris\Documents\GitHub\Land-Change-Modeling\Assignments\Assignment 5 - LCM Part 2\Tmp$$$_TopRankImg_1.rst*2
DISPLAY image file C:\Users\maris\Documents\GitHub\Land-Change-Modeling\Assignments\Assignment 5 - LCM Part 2\assign5bb.rst with symbol file C:\Users\maris\Documents\GitHub\Land-Change-Modeling\Assignments\Assignment 5 - LCM Part 2\ForestOtherBuilt2\1971Built1.smp.  Title, Legend.
CONVERT  1*C:\Users\maris\Documents\GitHub\Land-Change-Modeling\Assignments\Assignment 5 - LCM Part 2\assign5_transition_potential_from_1_to_2.rst*C:\Users\maris\Documents\GitHub\Land-Change-Modeling\Assignments\Assignment 5 - LCM Part 2\assign5bb_soft.rst*2*2*2
OVERLAY  2*C:\Users\maris\Documents\GitHub\Land-Change-Modeling\Assignments\Assignment 5 - LCM Part 2\assign5bb.rst*C:\Users\maris\Documents\GitHub\Land-Change-Modeling\Assignments\Assignment 5 - LCM Part 2\ForestOtherBuilt2\1985Built1.rst*C:\Users\maris\Documents\GitHub\Land-Change-Modeling\Assignments\Assignment 5 - LCM Part 2\idrtmp_lulc_current_change.rst
RECLASS  I*C:\Users\maris\Documents\GitHub\Land-Change-Modeling\Assignments\Assignment 5 - LCM Part 2\idrtmp_lulc_current_change.rst*C:\Users\maris\Documents\GitHub\Land-Change-Modeling\Assignments\Assignment 5 - LCM Part 2\idrtmp_lulc_current_change_bool.rst*2*1*1*99999*1*-9999*0*-9999*1
ASSIGN  C:\Users\maris\Documents\GitHub\Land-Change-Modeling\Assignments\Assignment 5 - LCM Part 2\assign5bb.rst*C:\Users\maris\Documents\GitHub\Land-Change-Modeling\Assignments\Assignment 5 - LCM Part 2\idrtmp_lulc_current_soft_class_bool.rst*C:\Users\maris\Documents\GitHub\Land-Change-Modeling\Assignments\Assignment 5 - LCM Part 2\idrtmp_lulc_to_soft.avl
OVERLAY  3*C:\Users\maris\Documents\GitHub\Land-Change-Modeling\Assignments\Assignment 5 - LCM Part 2\idrtmp_lulc_current_change_bool.rst*C:\Users\maris\Documents\GitHub\Land-Change-Modeling\Assignments\Assignment 5 - LCM Part 2\idrtmp_lulc_current_soft_class_bool.rst*C:\Users\maris\Documents\GitHub\Land-Change-Modeling\Assignments\Assignment 5 - LCM Part 2\idrtmp_lulc_cummulative_change_bool.rst
OVERLAY  3*C:\Users\maris\Documents\GitHub\Land-Change-Modeling\Assignments\Assignment 5 - LCM Part 2\idrtmp_lulc_cummulative_change_bool.rst*C:\Users\maris\Documents\GitHub\Land-Change-Modeling\Assignments\Assignment 5 - LCM Part 2\assign5bb_stage_1_soft.rst*C:\Users\maris\Documents\GitHub\Land-Change-Modeling\Assignments\Assignment 5 - LCM Part 2\idrtmp_lulc_cummulative_soft_mask.rst
OVERLAY  7*C:\Users\maris\Documents\GitHub\Land-Change-Modeling\Assignments\Assignment 5 - LCM Part 2\idrtmp_lulc_cummulative_soft_mask.rst*C:\Users\maris\Documents\GitHub\Land-Change-Modeling\Assignments\Assignment 5 - LCM Part 2\assign5bb_soft.rst*C:\Users\maris\Documents\GitHub\Land-Change-Modeling\Assignments\Assignment 5 - LCM Part 2\idrtmp_lulc_current_change_soft.rst
CONVERT  1*C:\Users\maris\Documents\GitHub\Land-Change-Modeling\Assignments\Assignment 5 - LCM Part 2\idrtmp_lulc_current_change_soft.rst*C:\Users\maris\Documents\GitHub\Land-Change-Modeling\Assignments\Assignment 5 - LCM Part 2\assign5bb_soft.rst*2*2*2
DISPLAY image file C:\Users\maris\Documents\GitHub\Land-Change-Modeling\Assignments\Assignment 5 - LCM Part 2\assign5bb_soft.rst with symbol file quant.  Autoscale, Title, Legend.
DISPLAY image file C:\Users\maris\Documents\GitHub\Land-Change-Modeling\Assignments\Assignment 5 - LCM Part 2\assign5bb_stage_1_soft.rst with symbol file C:\Program Files (x86)\TerrSet2020\Symbols\quant.smp.  Autoscale, Title, Legend.
DISPLAY image file C:\Users\maris\Documents\GitHub\Land-Change-Modeling\Assignments\Assignment 5 - LCM Part 2\assign5bb_stage_1.rst with symbol file C:\Program Files (x86)\TerrSet2020\Symbols\qual.smp.  Title, Legend.
DISPLAY image file C:\Users\maris\Documents\GitHub\Land-Change-Modeling\Assignments\Assignment 5 - LCM Part 2\assign5bb_soft_modeled.rst with symbol file C:\Program Files (x86)\TerrSet2020\Symbols\quant.smp.  Autoscale, Title, Legend.
DISPLAY image file C:\Users\maris\Documents\GitHub\Land-Change-Modeling\Assignments\Assignment 5 - LCM Part 2\assign5bb_stage_1_soft.rst with symbol file C:\Program Files (x86)\TerrSet2020\Symbols\quant.smp.  Autoscale, Title, Legend.
DISPLAY image file C:\Users\maris\Documents\GitHub\Land-Change-Modeling\Assignments\Assignment 5 - LCM Part 2\assign5bb.rst with symbol file C:\Program Files (x86)\TerrSet2020\Symbols\qual.smp.  Title, Legend.
DISPLAY image file C:\Users\maris\Documents\GitHub\Land-Change-Modeling\Assignments\Assignment 5 - LCM Part 2\assign5bchange.rst with symbol file C:\Program Files (x86)\TerrSet2020\Symbols\qual.smp.  Title, Legend.
DISPLAY image file C:\Users\maris\Documents\GitHub\Land-Change-Modeling\Assignments\Assignment 5 - LCM Part 2\assign5a.rst with symbol file C:\Program Files (x86)\TerrSet2020\Symbols\qual.smp.  Title, Legend.
DISPLAY image file C:\Users\maris\Documents\GitHub\Land-Change-Modeling\Assignments\Assignment 5 - LCM Part 2\assign5bb_stage_1_soft.rst with symbol file C:\Program Files (x86)\TerrSet2020\Symbols\quant.smp.  Autoscale, Title, Legend.
DISPLAY image file C:\Users\maris\Documents\GitHub\Land-Change-Modeling\Assignments\Assignment 5 - LCM Part 2\assign5b.rst with symbol file C:\Program Files (x86)\TerrSet2020\Symbols\qual.smp.  Title, Legend.
DISPLAY image file C:\Users\maris\Documents\GitHub\Land-Change-Modeling\Assignments\Assignment 5 - LCM Part 2\assign5b.rst with symbol file C:\Program Files (x86)\TerrSet2020\Symbols\qual.smp.  Title, Legend.
DISPLAY image file C:\Users\maris\Documents\GitHub\Land-Change-Modeling\Assignments\Assignment 5 - LCM Part 2\assign5bb.rst with symbol file C:\Program Files (x86)\TerrSet2020\Symbols\qual.smp.  Title, Legend.
CROSSTAB  1*C:\Users\maris\Documents\GitHub\Land-Change-Modeling\Assignments\Assignment 5 - LCM Part 2\ForestOtherBuilt2\1985Built1.rst*C:\Users\maris\Documents\GitHub\Land-Change-Modeling\Assignments\Assignment 5 - LCM Part 2\assign5bb_stage_1.rst*C:\Users\maris\Documents\GitHub\Land-Change-Modeling\Assignments\Assignment 5 - LCM Part 2\assign5bb.rst*C:\Users\maris\Documents\GitHub\Land-Change-Modeling\Assignments\Assignment 5 - LCM Part 2\ForestOtherBuilt2\mask01.rst*1*C:\Users\maris\Documents\GitHub\Land-Change-Modeling\Assignments\Assignment 5 - LCM Part 2\does_it_work.rst
DISPLAY image file does_it_work with symbol file qual.  Title, Legend.
AREA  C:\Users\maris\Documents\GitHub\Land-Change-Modeling\Assignments\Assignment 5 - LCM Part 2\does_it_work.rst*3*1
REGRESS  2*C:\Users\maris\Documents\GitHub\Land-Change-Modeling\Assignments\Assignment 5 - LCM Part 2\1971ForestOtherBuilt1_Class_3distance.rst*C:\Users\maris\Documents\GitHub\Land-Change-Modeling\Assignments\Assignment 5 - LCM Part 2\assign5bb_soft.rst*C:\Users\maris\Documents\GitHub\Land-Change-Modeling\Assignments\Assignment 5 - LCM Part 2\ForestOtherBuilt2\1985Built1.rst*#*#*Y0
